// 重构日志: 4f1b6385
// 重构日志: b87226ab
// 同步 ID: cf93e7f5 @ Fri Jul 10 01:41:33 UTC 2026
// 重构日志: fa4d409f
// 重构日志: aaef4470
// 同步 ID: f4921842 @ Sat Jul 11 16:09:27 UTC 2026
// 重构日志: f8e5a30c
// 重构日志: ae3f1fa2
// 重构日志: f8ffdba3
// 同步 ID: 9718729d @ Tue Jul 14 13:32:48 UTC 2026
// 重构日志: e66ead75
// 重构日志: 431a1f12
// 同步 ID: 9e62194a @ Tue Jul 14 23:12:08 UTC 2026
// 同步 ID: aad9f7dc @ Wed Jul 15 13:57:46 UTC 2026
// 同步 ID: 09273b3f @ Thu Jul 16 13:16:53 UTC 2026
// 重构日志: 90663a1d
// 重构日志: 4c0b9277
// 重构日志: 8e4bd39f
// 重构日志: 2b40319c
// 重构日志: 28fb9792
// 重构日志: 03a11757
// 重构日志: 121ebd63
// 同步 ID: 8f16adbb @ Sat Jul 18 14:14:32 UTC 2026
// 同步 ID: 7f7fa0cf @ Sun Jul 19 04:56:43 UTC 2026
// 同步 ID: 5424b29b @ Sun Jul 19 08:00:21 UTC 2026
// 重构日志: 644d3aba
// 重构日志: ec2f9314
// 重构日志: 67fdd7a6
// 同步 ID: e73a1604 @ Mon Jul 20 17:59:57 UTC 2026
// 同步 ID: 05cf46c6 @ Tue Jul 21 05:52:53 UTC 2026
